Properties Objects  (config,OR,log4j) are getting initilized.....
Opened the Browser :- chrome
Navigated to url :- https://www.amazon.in
Selected the indexed item 10 by using locator :- searchDropdownBox
Entered the text - harry Potter by using locator :- twotabsearchtextbox
Clicked on Search Button by using locator :- //input[@value='Go']
Properties Objects  (config,OR,log4j) are getting initilized.....
Opened the Browser :- chrome
Navigated to url :- https://www.amazon.in
Selected the indexed item 10 by using locator :- searchDropdownBox
Entered the text - harry Potter by using locator :- twotabsearchtextbox
Clicked on Search Button by using locator :- //input[@value='Go']
Properties Objects  (config,OR,log4j) are getting initilized.....
Opened the Browser :- chrome
Navigated to url :- https://www.amazon.in
Selected the indexed item 10 by using locator :- searchDropdownBox
Entered the text - harry Potter by using locator :- twotabsearchtextbox
Clicked on Search Button by using locator :- //input[@value='Go']
Properties Objects  (config,OR,log4j) are getting initilized.....
Opened the Browser :- chrome
Navigated to url :- https://www.amazon.in
Properties Objects  (config,OR,log4j) are getting initilized.....
Opened the Browser :- chrome
Navigated to url :- https://www.amazon.in
Properties Objects  (config,OR,log4j) are getting initilized.....
Opened the Browser :- chrome
Navigated to url :- https://www.amazon.in
Properties Objects  (config,OR,log4j) are getting initilized.....
Opened the Browser :- chrome
Navigated to url :- https://www.amazon.in
Properties Objects  (config,OR,log4j) are getting initilized.....
Opened the Browser :- chrome
Navigated to url :- https://www.amazon.in
Properties Objects  (config,OR,log4j) are getting initilized.....
Opened the Browser :- chrome
Navigated to url :- https://www.amazon.in
Properties Objects  (config,OR,log4j) are getting initilized.....
Opened the Browser :- chrome
Navigated to url :- https://www.amazon.in
Properties Objects  (config,OR,log4j) are getting initilized.....
Opened the Browser :- chrome
Navigated to url :- https://www.amazon.in
Properties Objects  (config,OR,log4j) are getting initilized.....
Opened the Browser :- chrome
Navigated to url :- https://www.amazon.in
Properties Objects  (config,OR,log4j) are getting initilized.....
Opened the Browser :- chrome
Navigated to url :- https://www.amazon.in
Properties Objects  (config,OR,log4j) are getting initilized.....
Opened the Browser :- chrome
Navigated to url :- https://www.amazon.in
Properties Objects  (config,OR,log4j) are getting initilized.....
Opened the Browser :- chrome
Navigated to url :- https://www.amazon.in
Entered the text - harry Potter by using locator :- twotabsearchtextbox
Properties Objects  (config,OR,log4j) are getting initilized.....
Opened the Browser :- chrome
Navigated to url :- https://www.amazon.in
Entered the text - harry Potter by using locator :- twotabsearchtextbox
Properties Objects  (config,OR,log4j) are getting initilized.....
Opened the Browser :- chrome
Navigated to url :- https://www.amazon.in
Entered the text - harry Potter by using locator :- twotabsearchtextbox
Properties Objects  (config,OR,log4j) are getting initilized.....
Opened the Browser :- chrome
Navigated to url :- https://www.amazon.in
Entered the text - harry Potter by using locator :- twotabsearchtextbox
Properties Objects  (config,OR,log4j) are getting initilized.....
Opened the Browser :- chrome
Navigated to url :- https://www.amazon.in
Entered the text - harry Potter by using locator :- twotabsearchtextbox
Properties Objects  (config,OR,log4j) are getting initilized.....
Opened the Browser :- chrome
Navigated to url :- https://www.amazon.in
Entered the text - harry Potter by using locator :- twotabsearchtextbox
Properties Objects  (config,OR,log4j) are getting initilized.....
Opened the Browser :- chrome
Navigated to url :- https://www.amazon.in
Entered the text - harry Potter by using locator :- twotabsearchtextbox
Properties Objects  (config,OR,log4j) are getting initilized.....
Opened the Browser :- chrome
Navigated to url :- https://www.amazon.in
Properties Objects  (config,OR,log4j) are getting initilized.....
Opened the Browser :- chrome
Navigated to url :- https://www.amazon.in
Properties Objects  (config,OR,log4j) are getting initilized.....
Opened the Browser :- chrome
Navigated to url :- https://www.amazon.in
Properties Objects  (config,OR,log4j) are getting initilized.....
Opened the Browser :- chrome
Navigated to url :- https://www.amazon.in
Properties Objects  (config,OR,log4j) are getting initilized.....
Opened the Browser :- chrome
Navigated to url :- https://www.amazon.in
Properties Objects  (config,OR,log4j) are getting initilized.....
Opened the Browser :- chrome
Navigated to url :- https://www.amazon.in
Properties Objects  (config,OR,log4j) are getting initilized.....
Opened the Browser :- chrome
Navigated to url :- https://www.amazon.in
Properties Objects  (config,OR,log4j) are getting initilized.....
Opened the Browser :- chrome
Navigated to url :- https://www.amazon.in
Properties Objects  (config,OR,log4j) are getting initilized.....
Opened the Browser :- chrome
Navigated to url :- https://www.amazon.in
Properties Objects  (config,OR,log4j) are getting initilized.....
Opened the Browser :- chrome
Navigated to url :- https://www.amazon.in
Properties Objects  (config,OR,log4j) are getting initilized.....
Opened the Browser :- chrome
Navigated to url :- https://www.amazon.in
Properties Objects  (config,OR,log4j) are getting initilized.....
Opened the Browser :- chrome
Navigated to url :- https://www.amazon.in
Properties Objects  (config,OR,log4j) are getting initilized.....
Opened the Browser :- chrome
Navigated to url :- https://www.amazon.in
Properties Objects  (config,OR,log4j) are getting initilized.....
Opened the Browser :- chrome
Navigated to url :- https://www.amazon.in
Properties Objects  (config,OR,log4j) are getting initilized.....
Opened the Browser :- chrome
Navigated to url :- https://www.amazon.in
Properties Objects  (config,OR,log4j) are getting initilized.....
Opened the Browser :- chrome
Navigated to url :- https://www.amazon.in
Properties Objects  (config,OR,log4j) are getting initilized.....
Opened the Browser :- chrome
Navigated to url :- https://www.amazon.in
Properties Objects  (config,OR,log4j) are getting initilized.....
Opened the Browser :- chrome
Navigated to url :- https://www.amazon.in
Properties Objects  (config,OR,log4j) are getting initilized.....
Opened the Browser :- chrome
Navigated to url :- https://www.amazon.in
Properties Objects  (config,OR,log4j) are getting initilized.....
Opened the Browser :- chrome
Navigated to url :- https://www.amazon.in
